<?xml version="1.0" encoding="UTF-8"?>
<testsuite name="com.ecommerce.crud.CrudApplicationTests" tests="1" skipped="0" failures="0" errors="0" timestamp="2026-04-10T15:59:09.983Z" hostname="MAPIS" time="13.116">
  <properties/>
  <testcase name="contextLoads()" classname="com.ecommerce.crud.CrudApplicationTests" time="0.917"/>
  <system-out><![CDATA[10:59:10.503 [Test worker] INFO org.springframework.test.context.support.AnnotationConfigContextLoaderUtils -- Could not detect default configuration classes for test class [com.ecommerce.crud.CrudApplicationTests]: CrudApplicationTests does not declare any static, non-private, non-final, nested classes annotated with @Configuration.
10:59:10.835 [Test worker] INFO org.springframework.boot.test.context.SpringBootTestContextBootstrapper -- Found @SpringBootConfiguration com.ecommerce.crud.CrudApplication for test class com.ecommerce.crud.CrudApplicationTests
10:59:11.103 [Test worker] INFO org.springframework.test.context.support.AnnotationConfigContextLoaderUtils -- Could not detect default configuration classes for test class [com.ecommerce.crud.CrudApplicationTests]: CrudApplicationTests does not declare any static, non-private, non-final, nested classes annotated with @Configuration.
10:59:11.105 [Test worker] INFO org.springframework.boot.test.context.SpringBootTestContextBootstrapper -- Found @SpringBootConfiguration com.ecommerce.crud.CrudApplication for test class com.ecommerce.crud.CrudApplicationTests

  .   ____          _            __ _ _
 /\\ / ___'_ __ _ _(_)_ __  __ _ \ \ \ \
( ( )\___ | '_ | '_| | '_ \/ _` | \ \ \ \
 \\/  ___)| |_)| | | | | || (_| |  ) ) ) )
  '  |____| .__|_| |_|_| |_\__, | / / / /
 =========|_|==============|___/=/_/_/_/

 :: Spring Boot ::                (v4.0.5)

2026-04-10T10:59:12.044-05:00  INFO 30800 --- [crud] [    Test worker] c.ecommerce.crud.CrudApplicationTests    : Starting CrudApplicationTests using Java 21.0.10 with PID 30800 (started by paula in C:\ecommerce_802\crud)
2026-04-10T10:59:12.048-05:00  INFO 30800 --- [crud] [    Test worker] c.ecommerce.crud.CrudApplicationTests    : No active profile set, falling back to 1 default profile: "default"
2026-04-10T10:59:13.836-05:00  INFO 30800 --- [crud] [    Test worker] .s.d.r.c.RepositoryConfigurationDelegate : Bootstrapping Spring Data JPA repositories in DEFAULT mode.
2026-04-10T10:59:13.992-05:00  INFO 30800 --- [crud] [    Test worker] .s.d.r.c.RepositoryConfigurationDelegate : Finished Spring Data repository scanning in 126 ms. Found 1 JPA repository interface.
2026-04-10T10:59:15.184-05:00  INFO 30800 --- [crud] [    Test worker] org.hibernate.orm.jpa                    : HHH008540: Processing PersistenceUnitInfo [name: default]
2026-04-10T10:59:15.402-05:00  INFO 30800 --- [crud] [    Test worker] org.hibernate.orm.core                   : HHH000001: Hibernate ORM core version 7.2.7.Final
2026-04-10T10:59:16.918-05:00  INFO 30800 --- [crud] [    Test worker] o.s.o.j.p.SpringPersistenceUnitInfo      : No LoadTimeWeaver setup: ignoring JPA class transformer
2026-04-10T10:59:17.010-05:00  INFO 30800 --- [crud] [    Test worker] com.zaxxer.hikari.HikariDataSource       : HikariPool-1 - Starting...
2026-04-10T10:59:17.542-05:00  INFO 30800 --- [crud] [    Test worker] com.zaxxer.hikari.pool.HikariPool        : HikariPool-1 - Added connection org.postgresql.jdbc.PgConnection@40fee459
2026-04-10T10:59:17.546-05:00  INFO 30800 --- [crud] [    Test worker] com.zaxxer.hikari.HikariDataSource       : HikariPool-1 - Start completed.
2026-04-10T10:59:17.669-05:00  WARN 30800 --- [crud] [    Test worker] org.hibernate.orm.deprecation            : HHH90000025: PostgreSQLDialect does not need to be specified explicitly using 'hibernate.dialect' (remove the property setting and it will be selected by default)
2026-04-10T10:59:17.744-05:00  INFO 30800 --- [crud] [    Test worker] org.hibernate.orm.connections.pooling    : HHH10001005: Database info:
	Database JDBC URL [jdbc:postgresql://localhost:5432/ecommerce_802]
	Database driver: PostgreSQL JDBC Driver
	Database dialect: PostgreSQLDialect
	Database version: 18.3
	Default catalog/schema: ecommerce_802/public
	Autocommit mode: undefined/unknown
	Isolation level: READ_COMMITTED [default READ_COMMITTED]
	JDBC fetch size: none
	Pool: DataSourceConnectionProvider
	Minimum pool size: undefined/unknown
	Maximum pool size: undefined/unknown
2026-04-10T10:59:19.980-05:00  INFO 30800 --- [crud] [    Test worker] org.hibernate.orm.core                   : HHH000489: No JTA platform available (set 'hibernate.transaction.jta.platform' to enable JTA platform integration)
2026-04-10T10:59:20.233-05:00  INFO 30800 --- [crud] [    Test worker] j.LocalContainerEntityManagerFactoryBean : Initialized JPA EntityManagerFactory for persistence unit 'default'
2026-04-10T10:59:20.454-05:00  INFO 30800 --- [crud] [    Test worker] o.s.d.j.r.query.QueryEnhancerFactories   : Hibernate is in classpath; If applicable, HQL parser will be used.
2026-04-10T10:59:20.925-05:00  WARN 30800 --- [crud] [    Test worker] JpaBaseConfiguration$JpaWebConfiguration : spring.jpa.open-in-view is enabled by default. Therefore, database queries may be performed during view rendering. Explicitly configure spring.jpa.open-in-view to disable this warning
2026-04-10T10:59:22.132-05:00  INFO 30800 --- [crud] [    Test worker] c.ecommerce.crud.CrudApplicationTests    : Started CrudApplicationTests in 10.833 seconds (process running for 14.615)
]]></system-out>
  <system-err><![CDATA[Mockito is currently self-attaching to enable the inline-mock-maker. This will no longer work in future releases of the JDK. Please add Mockito as an agent to your build as described in Mockito's documentation: https://javadoc.io/doc/org.mockito/mockito-core/latest/org.mockito/org/mockito/Mockito.html#0.3
WARNING: A Java agent has been loaded dynamically (C:\Users\paula\.gradle\caches\modules-2\files-2.1\net.bytebuddy\byte-buddy-agent\1.17.8\f09415827a71be7ed621c7bd02550678f28bc81c\byte-buddy-agent-1.17.8.jar)
WARNING: If a serviceability tool is in use, please run with -XX:+EnableDynamicAgentLoading to hide this warning
WARNING: If a serviceability tool is not in use, please run with -Djdk.instrument.traceUsage for more information
WARNING: Dynamic loading of agents will be disallowed by default in a future release
]]></system-err>
</testsuite>
